\BOOKMARK [0][-]{chapter.1}{\376\377\000H\000i\000e\000r\000a\000r\000c\000h\000i\000c\000a\000l\000\040\000I\000n\000d\000e\000x}{}% 1
\BOOKMARK [1][-]{section.1.1}{\376\377\000C\000l\000a\000s\000s\000\040\000H\000i\000e\000r\000a\000r\000c\000h\000y}{chapter.1}% 2
\BOOKMARK [0][-]{chapter.2}{\376\377\000C\000l\000a\000s\000s\000\040\000I\000n\000d\000e\000x}{}% 3
\BOOKMARK [1][-]{section.2.1}{\376\377\000C\000l\000a\000s\000s\000\040\000L\000i\000s\000t}{chapter.2}% 4
\BOOKMARK [0][-]{chapter.3}{\376\377\000C\000l\000a\000s\000s\000\040\000D\000o\000c\000u\000m\000e\000n\000t\000a\000t\000i\000o\000n}{}% 5
\BOOKMARK [1][-]{section.3.1}{\376\377\000a\000b\000s\000t\000r\000a\000c\000t\000\137\000f\000r\000i\000n\000g\000e\000\137\000a\000n\000a\000l\000y\000s\000e\000r\000\040\000C\000l\000a\000s\000s\000\040\000R\000e\000f\000e\000r\000e\000n\000c\000e}{chapter.3}% 6
\BOOKMARK [2][-]{subsection.3.1.1}{\376\377\000D\000e\000t\000a\000i\000l\000e\000d\000\040\000D\000e\000s\000c\000r\000i\000p\000t\000i\000o\000n}{section.3.1}% 7
\BOOKMARK [2][-]{subsection.3.1.2}{\376\377\000M\000e\000m\000b\000e\000r\000\040\000F\000u\000n\000c\000t\000i\000o\000n\000\040\000D\000o\000c\000u\000m\000e\000n\000t\000a\000t\000i\000o\000n}{section.3.1}% 8
\BOOKMARK [3][-]{subsubsection.3.1.2.1}{\376\377\000c\000a\000l\000c\000\137\000w\000r\000a\000p\000p\000e\000d\000\137\000p\000h\000a\000s\000e\000\137\000m\000a\000p}{subsection.3.1.2}% 9
\BOOKMARK [1][-]{section.3.2}{\376\377\000a\000b\000s\000t\000r\000a\000c\000t\000\137\000s\000m\000a\000r\000t\000\137\000t\000i\000l\000e\000\137\000u\000n\000w\000r\000a\000p\000p\000e\000r\000\040\000C\000l\000a\000s\000s\000\040\000R\000e\000f\000e\000r\000e\000n\000c\000e}{chapter.3}% 10
\BOOKMARK [2][-]{subsection.3.2.1}{\376\377\000D\000e\000t\000a\000i\000l\000e\000d\000\040\000D\000e\000s\000c\000r\000i\000p\000t\000i\000o\000n}{section.3.2}% 11
\BOOKMARK [2][-]{subsection.3.2.2}{\376\377\000C\000o\000n\000s\000t\000r\000u\000c\000t\000o\000r\000\040\000\046\000\040\000D\000e\000s\000t\000r\000u\000c\000t\000o\000r\000\040\000D\000o\000c\000u\000m\000e\000n\000t\000a\000t\000i\000o\000n}{section.3.2}% 12
\BOOKMARK [3][-]{subsubsection.3.2.2.1}{\376\377\000a\000b\000s\000t\000r\000a\000c\000t\000\137\000s\000m\000a\000r\000t\000\137\000t\000i\000l\000e\000\137\000u\000n\000w\000r\000a\000p\000p\000e\000r}{subsection.3.2.2}% 13
\BOOKMARK [2][-]{subsection.3.2.3}{\376\377\000M\000e\000m\000b\000e\000r\000\040\000F\000u\000n\000c\000t\000i\000o\000n\000\040\000D\000o\000c\000u\000m\000e\000n\000t\000a\000t\000i\000o\000n}{section.3.2}% 14
\BOOKMARK [3][-]{subsubsection.3.2.3.1}{\376\377\000u\000n\000w\000r\000a\000p}{subsection.3.2.3}% 15
\BOOKMARK [1][-]{section.3.3}{\376\377\000a\000b\000s\000t\000r\000a\000c\000t\000\137\000s\000m\000a\000r\000t\000\137\000u\000n\000w\000r\000a\000p\000p\000e\000r\000\040\000C\000l\000a\000s\000s\000\040\000R\000e\000f\000e\000r\000e\000n\000c\000e}{chapter.3}% 16
\BOOKMARK [2][-]{subsection.3.3.1}{\376\377\000D\000e\000t\000a\000i\000l\000e\000d\000\040\000D\000e\000s\000c\000r\000i\000p\000t\000i\000o\000n}{section.3.3}% 17
\BOOKMARK [2][-]{subsection.3.3.2}{\376\377\000M\000e\000m\000b\000e\000r\000\040\000F\000u\000n\000c\000t\000i\000o\000n\000\040\000D\000o\000c\000u\000m\000e\000n\000t\000a\000t\000i\000o\000n}{section.3.3}% 18
\BOOKMARK [3][-]{subsubsection.3.3.2.1}{\376\377\000u\000n\000w\000r\000a\000p}{subsection.3.3.2}% 19
\BOOKMARK [1][-]{section.3.4}{\376\377\000a\000b\000s\000t\000r\000a\000c\000t\000\137\000t\000i\000l\000e\000\137\000m\000e\000r\000g\000e\000r\000\040\000C\000l\000a\000s\000s\000\040\000R\000e\000f\000e\000r\000e\000n\000c\000e}{chapter.3}% 20
\BOOKMARK [2][-]{subsection.3.4.1}{\376\377\000D\000e\000t\000a\000i\000l\000e\000d\000\040\000D\000e\000s\000c\000r\000i\000p\000t\000i\000o\000n}{section.3.4}% 21
\BOOKMARK [2][-]{subsection.3.4.2}{\376\377\000M\000e\000m\000b\000e\000r\000\040\000F\000u\000n\000c\000t\000i\000o\000n\000\040\000D\000o\000c\000u\000m\000e\000n\000t\000a\000t\000i\000o\000n}{section.3.4}% 22
\BOOKMARK [3][-]{subsubsection.3.4.2.1}{\376\377\000m\000e\000r\000g\000e\000\137\000t\000i\000l\000e\000s}{subsection.3.4.2}% 23
\BOOKMARK [1][-]{section.3.5}{\376\377\000a\000b\000s\000t\000r\000a\000c\000t\000\137\000t\000i\000l\000e\000\137\000u\000n\000w\000r\000a\000p\000p\000e\000r\000\040\000C\000l\000a\000s\000s\000\040\000R\000e\000f\000e\000r\000e\000n\000c\000e}{chapter.3}% 24
\BOOKMARK [2][-]{subsection.3.5.1}{\376\377\000D\000e\000t\000a\000i\000l\000e\000d\000\040\000D\000e\000s\000c\000r\000i\000p\000t\000i\000o\000n}{section.3.5}% 25
\BOOKMARK [2][-]{subsection.3.5.2}{\376\377\000C\000o\000n\000s\000t\000r\000u\000c\000t\000o\000r\000\040\000\046\000\040\000D\000e\000s\000t\000r\000u\000c\000t\000o\000r\000\040\000D\000o\000c\000u\000m\000e\000n\000t\000a\000t\000i\000o\000n}{section.3.5}% 26
\BOOKMARK [3][-]{subsubsection.3.5.2.1}{\376\377\000a\000b\000s\000t\000r\000a\000c\000t\000\137\000t\000i\000l\000e\000\137\000u\000n\000w\000r\000a\000p\000p\000e\000r}{subsection.3.5.2}% 27
\BOOKMARK [2][-]{subsection.3.5.3}{\376\377\000M\000e\000m\000b\000e\000r\000\040\000F\000u\000n\000c\000t\000i\000o\000n\000\040\000D\000o\000c\000u\000m\000e\000n\000t\000a\000t\000i\000o\000n}{section.3.5}% 28
\BOOKMARK [3][-]{subsubsection.3.5.3.1}{\376\377\000u\000n\000w\000r\000a\000p}{subsection.3.5.3}% 29
\BOOKMARK [1][-]{section.3.6}{\376\377\000a\000b\000s\000t\000r\000a\000c\000t\000\137\000u\000n\000w\000r\000a\000p\000p\000e\000r\000\040\000C\000l\000a\000s\000s\000\040\000R\000e\000f\000e\000r\000e\000n\000c\000e}{chapter.3}% 30
\BOOKMARK [2][-]{subsection.3.6.1}{\376\377\000D\000e\000t\000a\000i\000l\000e\000d\000\040\000D\000e\000s\000c\000r\000i\000p\000t\000i\000o\000n}{section.3.6}% 31
\BOOKMARK [2][-]{subsection.3.6.2}{\376\377\000M\000e\000m\000b\000e\000r\000\040\000F\000u\000n\000c\000t\000i\000o\000n\000\040\000D\000o\000c\000u\000m\000e\000n\000t\000a\000t\000i\000o\000n}{section.3.6}% 32
\BOOKMARK [3][-]{subsubsection.3.6.2.1}{\376\377\000u\000n\000w\000r\000a\000p}{subsection.3.6.2}% 33
\BOOKMARK [1][-]{section.3.7}{\376\377\000c\000o\000l\000\137\000m\000a\000j\000o\000r\000\137\000f\000l\000o\000a\000t\000\137\000i\000m\000a\000g\000e\000\040\000C\000l\000a\000s\000s\000\040\000R\000e\000f\000e\000r\000e\000n\000c\000e}{chapter.3}% 34
\BOOKMARK [2][-]{subsection.3.7.1}{\376\377\000C\000o\000n\000s\000t\000r\000u\000c\000t\000o\000r\000\040\000\046\000\040\000D\000e\000s\000t\000r\000u\000c\000t\000o\000r\000\040\000D\000o\000c\000u\000m\000e\000n\000t\000a\000t\000i\000o\000n}{section.3.7}% 35
\BOOKMARK [3][-]{subsubsection.3.7.1.1}{\376\377\000c\000o\000l\000\137\000m\000a\000j\000o\000r\000\137\000f\000l\000o\000a\000t\000\137\000i\000m\000a\000g\000e}{subsection.3.7.1}% 36
\BOOKMARK [2][-]{subsection.3.7.2}{\376\377\000M\000e\000m\000b\000e\000r\000\040\000F\000u\000n\000c\000t\000i\000o\000n\000\040\000D\000o\000c\000u\000m\000e\000n\000t\000a\000t\000i\000o\000n}{section.3.7}% 37
\BOOKMARK [3][-]{subsubsection.3.7.2.1}{\376\377\000o\000p\000e\000r\000a\000t\000o\000r\000\050\000\051}{subsection.3.7.2}% 38
\BOOKMARK [1][-]{section.3.8}{\376\377\000U\000i\000:\000:\000d\000i\000g\000i\000h\000o\000l\000o\000M\000a\000i\000n\000G\000u\000i\000\040\000C\000l\000a\000s\000s\000\040\000R\000e\000f\000e\000r\000e\000n\000c\000e}{chapter.3}% 39
\BOOKMARK [1][-]{section.3.9}{\376\377\000d\000i\000g\000i\000h\000o\000l\000o\000M\000a\000i\000n\000G\000u\000i\000\040\000C\000l\000a\000s\000s\000\040\000R\000e\000f\000e\000r\000e\000n\000c\000e}{chapter.3}% 40
\BOOKMARK [1][-]{section.3.10}{\376\377\000E\000D\000G\000E\000\040\000S\000t\000r\000u\000c\000t\000\040\000R\000e\000f\000e\000r\000e\000n\000c\000e}{chapter.3}% 41
\BOOKMARK [1][-]{section.3.11}{\376\377\000f\000l\000o\000a\000t\000\137\000i\000m\000a\000g\000e\000\040\000C\000l\000a\000s\000s\000\040\000R\000e\000f\000e\000r\000e\000n\000c\000e}{chapter.3}% 42
\BOOKMARK [2][-]{subsection.3.11.1}{\376\377\000D\000e\000t\000a\000i\000l\000e\000d\000\040\000D\000e\000s\000c\000r\000i\000p\000t\000i\000o\000n}{section.3.11}% 43
\BOOKMARK [2][-]{subsection.3.11.2}{\376\377\000C\000o\000n\000s\000t\000r\000u\000c\000t\000o\000r\000\040\000\046\000\040\000D\000e\000s\000t\000r\000u\000c\000t\000o\000r\000\040\000D\000o\000c\000u\000m\000e\000n\000t\000a\000t\000i\000o\000n}{section.3.11}% 44
\BOOKMARK [3][-]{subsubsection.3.11.2.1}{\376\377\000f\000l\000o\000a\000t\000\137\000i\000m\000a\000g\000e}{subsection.3.11.2}% 45
\BOOKMARK [3][-]{subsubsection.3.11.2.2}{\376\377\000f\000l\000o\000a\000t\000\137\000i\000m\000a\000g\000e}{subsection.3.11.2}% 46
\BOOKMARK [2][-]{subsection.3.11.3}{\376\377\000M\000e\000m\000b\000e\000r\000\040\000F\000u\000n\000c\000t\000i\000o\000n\000\040\000D\000o\000c\000u\000m\000e\000n\000t\000a\000t\000i\000o\000n}{section.3.11}% 47
\BOOKMARK [3][-]{subsubsection.3.11.3.1}{\376\377\000c\000l\000e\000a\000r\000\137\000m\000e\000m}{subsection.3.11.3}% 48
\BOOKMARK [3][-]{subsubsection.3.11.3.2}{\376\377\000c\000o\000p\000y\000\137\000d\000a\000t\000a\000\137\000t\000o}{subsection.3.11.3}% 49
\BOOKMARK [3][-]{subsubsection.3.11.3.3}{\376\377\000g\000e\000t\000\137\000d\000a\000t\000a\000\137\000p\000o\000i\000n\000t\000e\000r}{subsection.3.11.3}% 50
\BOOKMARK [3][-]{subsubsection.3.11.3.4}{\376\377\000g\000e\000t\000\137\000h\000e\000i\000g\000h\000t}{subsection.3.11.3}% 51
\BOOKMARK [3][-]{subsubsection.3.11.3.5}{\376\377\000g\000e\000t\000\137\000p\000i\000x\000e\000l}{subsection.3.11.3}% 52
\BOOKMARK [3][-]{subsubsection.3.11.3.6}{\376\377\000g\000e\000t\000\137\000w\000i\000d\000t\000h}{subsection.3.11.3}% 53
\BOOKMARK [3][-]{subsubsection.3.11.3.7}{\376\377\000o\000p\000e\000r\000a\000t\000o\000r\000\050\000\051}{subsection.3.11.3}% 54
\BOOKMARK [3][-]{subsubsection.3.11.3.8}{\376\377\000s\000e\000t\000\137\000p\000i\000x\000e\000l}{subsection.3.11.3}% 55
\BOOKMARK [3][-]{subsubsection.3.11.3.9}{\376\377\000z\000e\000r\000o\000\137\000f\000i\000l\000l}{subsection.3.11.3}% 56
\BOOKMARK [1][-]{section.3.12}{\376\377\000g\000r\000a\000d\000\137\000f\000i\000t\000\137\000t\000i\000l\000e\000\137\000u\000n\000w\000r\000a\000p\000p\000e\000r\000\040\000C\000l\000a\000s\000s\000\040\000R\000e\000f\000e\000r\000e\000n\000c\000e}{chapter.3}% 57
\BOOKMARK [2][-]{subsection.3.12.1}{\376\377\000D\000e\000t\000a\000i\000l\000e\000d\000\040\000D\000e\000s\000c\000r\000i\000p\000t\000i\000o\000n}{section.3.12}% 58
\BOOKMARK [2][-]{subsection.3.12.2}{\376\377\000M\000e\000m\000b\000e\000r\000\040\000F\000u\000n\000c\000t\000i\000o\000n\000\040\000D\000o\000c\000u\000m\000e\000n\000t\000a\000t\000i\000o\000n}{section.3.12}% 59
\BOOKMARK [3][-]{subsubsection.3.12.2.1}{\376\377\000u\000n\000w\000r\000a\000p}{subsection.3.12.2}% 60
\BOOKMARK [1][-]{section.3.13}{\376\377\000m\000i\000n\000i\000m\000i\000z\000a\000t\000i\000o\000n\000\137\000t\000i\000l\000e\000\137\000u\000n\000w\000r\000a\000p\000p\000e\000r\000\040\000C\000l\000a\000s\000s\000\040\000R\000e\000f\000e\000r\000e\000n\000c\000e}{chapter.3}% 61
\BOOKMARK [2][-]{subsection.3.13.1}{\376\377\000D\000e\000t\000a\000i\000l\000e\000d\000\040\000D\000e\000s\000c\000r\000i\000p\000t\000i\000o\000n}{section.3.13}% 62
\BOOKMARK [2][-]{subsection.3.13.2}{\376\377\000C\000o\000n\000s\000t\000r\000u\000c\000t\000o\000r\000\040\000\046\000\040\000D\000e\000s\000t\000r\000u\000c\000t\000o\000r\000\040\000D\000o\000c\000u\000m\000e\000n\000t\000a\000t\000i\000o\000n}{section.3.13}% 63
\BOOKMARK [3][-]{subsubsection.3.13.2.1}{\376\377\000m\000i\000n\000i\000m\000i\000z\000a\000t\000i\000o\000n\000\137\000t\000i\000l\000e\000\137\000u\000n\000w\000r\000a\000p\000p\000e\000r}{subsection.3.13.2}% 64
\BOOKMARK [3][-]{subsubsection.3.13.2.2}{\376\377\000m\000i\000n\000i\000m\000i\000z\000a\000t\000i\000o\000n\000\137\000t\000i\000l\000e\000\137\000u\000n\000w\000r\000a\000p\000p\000e\000r}{subsection.3.13.2}% 65
\BOOKMARK [2][-]{subsection.3.13.3}{\376\377\000M\000e\000m\000b\000e\000r\000\040\000F\000u\000n\000c\000t\000i\000o\000n\000\040\000D\000o\000c\000u\000m\000e\000n\000t\000a\000t\000i\000o\000n}{section.3.13}% 66
\BOOKMARK [3][-]{subsubsection.3.13.3.1}{\376\377\000u\000n\000w\000r\000a\000p}{subsection.3.13.3}% 67
\BOOKMARK [1][-]{section.3.14}{\376\377\000P\000I\000X\000E\000L\000\040\000S\000t\000r\000u\000c\000t\000\040\000R\000e\000f\000e\000r\000e\000n\000c\000e}{chapter.3}% 68
\BOOKMARK [1][-]{section.3.15}{\376\377\000q\000t\000\137\000m\000e\000t\000a\000\137\000s\000t\000r\000i\000n\000g\000d\000a\000t\000a\000\137\000d\000i\000g\000i\000h\000o\000l\000o\000M\000a\000i\000n\000G\000u\000i\000\137\000t\000\040\000S\000t\000r\000u\000c\000t\000\040\000R\000e\000f\000e\000r\000e\000n\000c\000e}{chapter.3}% 69
\BOOKMARK [1][-]{section.3.16}{\376\377\000q\000t\000\137\000m\000e\000t\000a\000\137\000s\000t\000r\000i\000n\000g\000d\000a\000t\000a\000\137\000R\000e\000c\000o\000n\000s\000t\000r\000u\000c\000t\000i\000o\000n\000T\000h\000r\000e\000a\000d\000\137\000t\000\040\000S\000t\000r\000u\000c\000t\000\040\000R\000e\000f\000e\000r\000e\000n\000c\000e}{chapter.3}% 70
\BOOKMARK [1][-]{section.3.17}{\376\377\000R\000e\000c\000o\000n\000s\000t\000r\000u\000c\000t\000i\000o\000n\000T\000h\000r\000e\000a\000d\000\040\000C\000l\000a\000s\000s\000\040\000R\000e\000f\000e\000r\000e\000n\000c\000e}{chapter.3}% 71
\BOOKMARK [2][-]{subsection.3.17.1}{\376\377\000M\000e\000m\000b\000e\000r\000\040\000F\000u\000n\000c\000t\000i\000o\000n\000\040\000D\000o\000c\000u\000m\000e\000n\000t\000a\000t\000i\000o\000n}{section.3.17}% 72
\BOOKMARK [3][-]{subsubsection.3.17.1.1}{\376\377\000i\000n\000i\000t}{subsection.3.17.1}% 73
\BOOKMARK [3][-]{subsubsection.3.17.1.2}{\376\377\000p\000r\000o\000g\000r\000e\000s\000s\000I\000n\000f\000o}{subsection.3.17.1}% 74
\BOOKMARK [3][-]{subsubsection.3.17.1.3}{\376\377\000p\000r\000o\000g\000r\000e\000s\000s\000U\000p\000d\000a\000t\000e}{subsection.3.17.1}% 75
\BOOKMARK [3][-]{subsubsection.3.17.1.4}{\376\377\000r\000e\000q\000u\000e\000s\000t\000\137\000t\000e\000r\000m\000i\000n\000a\000t\000i\000o\000n}{subsection.3.17.1}% 76
\BOOKMARK [1][-]{section.3.18}{\376\377\000r\000o\000w\000\137\000m\000a\000j\000o\000r\000\137\000f\000l\000o\000a\000t\000\137\000i\000m\000a\000g\000e\000\040\000C\000l\000a\000s\000s\000\040\000R\000e\000f\000e\000r\000e\000n\000c\000e}{chapter.3}% 77
\BOOKMARK [2][-]{subsection.3.18.1}{\376\377\000C\000o\000n\000s\000t\000r\000u\000c\000t\000o\000r\000\040\000\046\000\040\000D\000e\000s\000t\000r\000u\000c\000t\000o\000r\000\040\000D\000o\000c\000u\000m\000e\000n\000t\000a\000t\000i\000o\000n}{section.3.18}% 78
\BOOKMARK [3][-]{subsubsection.3.18.1.1}{\376\377\000r\000o\000w\000\137\000m\000a\000j\000o\000r\000\137\000f\000l\000o\000a\000t\000\137\000i\000m\000a\000g\000e}{subsection.3.18.1}% 79
\BOOKMARK [2][-]{subsection.3.18.2}{\376\377\000M\000e\000m\000b\000e\000r\000\040\000F\000u\000n\000c\000t\000i\000o\000n\000\040\000D\000o\000c\000u\000m\000e\000n\000t\000a\000t\000i\000o\000n}{section.3.18}% 80
\BOOKMARK [3][-]{subsubsection.3.18.2.1}{\376\377\000o\000p\000e\000r\000a\000t\000o\000r\000\050\000\051}{subsection.3.18.2}% 81
\BOOKMARK [1][-]{section.3.19}{\376\377\000s\000i\000m\000p\000l\000e\0001\000d\000\137\000t\000i\000l\000e\000\137\000m\000e\000r\000g\000e\000r\000\040\000C\000l\000a\000s\000s\000\040\000R\000e\000f\000e\000r\000e\000n\000c\000e}{chapter.3}% 82
\BOOKMARK [2][-]{subsection.3.19.1}{\376\377\000C\000o\000n\000s\000t\000r\000u\000c\000t\000o\000r\000\040\000\046\000\040\000D\000e\000s\000t\000r\000u\000c\000t\000o\000r\000\040\000D\000o\000c\000u\000m\000e\000n\000t\000a\000t\000i\000o\000n}{section.3.19}% 83
\BOOKMARK [3][-]{subsubsection.3.19.1.1}{\376\377\000s\000i\000m\000p\000l\000e\0001\000d\000\137\000t\000i\000l\000e\000\137\000m\000e\000r\000g\000e\000r}{subsection.3.19.1}% 84
\BOOKMARK [2][-]{subsection.3.19.2}{\376\377\000M\000e\000m\000b\000e\000r\000\040\000F\000u\000n\000c\000t\000i\000o\000n\000\040\000D\000o\000c\000u\000m\000e\000n\000t\000a\000t\000i\000o\000n}{section.3.19}% 85
\BOOKMARK [3][-]{subsubsection.3.19.2.1}{\376\377\000m\000e\000r\000g\000e\000\137\000t\000i\000l\000e\000s}{subsection.3.19.2}% 86
\BOOKMARK [1][-]{section.3.20}{\376\377\000s\000m\000a\000r\000t\000\137\000t\000i\000l\000e\000\040\000C\000l\000a\000s\000s\000\040\000R\000e\000f\000e\000r\000e\000n\000c\000e}{chapter.3}% 87
\BOOKMARK [2][-]{subsection.3.20.1}{\376\377\000C\000o\000n\000s\000t\000r\000u\000c\000t\000o\000r\000\040\000\046\000\040\000D\000e\000s\000t\000r\000u\000c\000t\000o\000r\000\040\000D\000o\000c\000u\000m\000e\000n\000t\000a\000t\000i\000o\000n}{section.3.20}% 88
\BOOKMARK [3][-]{subsubsection.3.20.1.1}{\376\377\000s\000m\000a\000r\000t\000\137\000t\000i\000l\000e}{subsection.3.20.1}% 89
\BOOKMARK [3][-]{subsubsection.3.20.1.2}{\376\377\000s\000m\000a\000r\000t\000\137\000t\000i\000l\000e}{subsection.3.20.1}% 90
\BOOKMARK [3][-]{subsubsection.3.20.1.3}{\376\377\000s\000m\000a\000r\000t\000\137\000t\000i\000l\000e}{subsection.3.20.1}% 91
\BOOKMARK [2][-]{subsection.3.20.2}{\376\377\000M\000e\000m\000b\000e\000r\000\040\000F\000u\000n\000c\000t\000i\000o\000n\000\040\000D\000o\000c\000u\000m\000e\000n\000t\000a\000t\000i\000o\000n}{section.3.20}% 92
\BOOKMARK [3][-]{subsubsection.3.20.2.1}{\376\377\000g\000e\000t\000\137\000t\000i\000l\000e\000g\000r\000o\000u\000p}{subsection.3.20.2}% 93
\BOOKMARK [3][-]{subsubsection.3.20.2.2}{\376\377\000h\000a\000s\000\137\000t\000i\000l\000e\000g\000r\000o\000u\000p}{subsection.3.20.2}% 94
\BOOKMARK [3][-]{subsubsection.3.20.2.3}{\376\377\000o\000p\000e\000r\000a\000t\000o\000r\000=}{subsection.3.20.2}% 95
\BOOKMARK [3][-]{subsubsection.3.20.2.4}{\376\377\000r\000e\000w\000r\000a\000p}{subsection.3.20.2}% 96
\BOOKMARK [2][-]{subsection.3.20.3}{\376\377\000F\000r\000i\000e\000n\000d\000s\000\040\000A\000n\000d\000\040\000R\000e\000l\000a\000t\000e\000d\000\040\000F\000u\000n\000c\000t\000i\000o\000n\000\040\000D\000o\000c\000u\000m\000e\000n\000t\000a\000t\000i\000o\000n}{section.3.20}% 97
\BOOKMARK [3][-]{subsubsection.3.20.3.1}{\376\377\000a\000d\000d\000\137\000t\000i\000l\000e\000\137\000t\000o\000\137\000g\000r\000o\000u\000p}{subsection.3.20.3}% 98
\BOOKMARK [3][-]{subsubsection.3.20.3.2}{\376\377\000m\000e\000r\000g\000e\000\137\000t\000i\000l\000e\000g\000r\000o\000u\000p\000s}{subsection.3.20.3}% 99
\BOOKMARK [1][-]{section.3.21}{\376\377\000s\000m\000a\000r\000t\000\137\000t\000i\000l\000e\000\137\000j\000u\000n\000c\000t\000i\000o\000n\000\040\000C\000l\000a\000s\000s\000\040\000R\000e\000f\000e\000r\000e\000n\000c\000e}{chapter.3}% 100
\BOOKMARK [2][-]{subsection.3.21.1}{\376\377\000D\000e\000t\000a\000i\000l\000e\000d\000\040\000D\000e\000s\000c\000r\000i\000p\000t\000i\000o\000n}{section.3.21}% 101
\BOOKMARK [2][-]{subsection.3.21.2}{\376\377\000M\000e\000m\000b\000e\000r\000\040\000E\000n\000u\000m\000e\000r\000a\000t\000i\000o\000n\000\040\000D\000o\000c\000u\000m\000e\000n\000t\000a\000t\000i\000o\000n}{section.3.21}% 102
\BOOKMARK [3][-]{subsubsection.3.21.2.1}{\376\377\000r\000e\000l\000\137\000p\000o\000s\000i\000t\000i\000o\000n}{subsection.3.21.2}% 103
\BOOKMARK [2][-]{subsection.3.21.3}{\376\377\000C\000o\000n\000s\000t\000r\000u\000c\000t\000o\000r\000\040\000\046\000\040\000D\000e\000s\000t\000r\000u\000c\000t\000o\000r\000\040\000D\000o\000c\000u\000m\000e\000n\000t\000a\000t\000i\000o\000n}{section.3.21}% 104
\BOOKMARK [3][-]{subsubsection.3.21.3.1}{\376\377\000s\000m\000a\000r\000t\000\137\000t\000i\000l\000e\000\137\000j\000u\000n\000c\000t\000i\000o\000n}{subsection.3.21.3}% 105
\BOOKMARK [2][-]{subsection.3.21.4}{\376\377\000M\000e\000m\000b\000e\000r\000\040\000F\000u\000n\000c\000t\000i\000o\000n\000\040\000D\000o\000c\000u\000m\000e\000n\000t\000a\000t\000i\000o\000n}{section.3.21}% 106
\BOOKMARK [3][-]{subsubsection.3.21.4.1}{\376\377\000g\000e\000t\000\137\000r\000e\000l\000a\000t\000i\000v\000e\000\137\000p\000o\000s\000i\000t\000i\000o\000n}{subsection.3.21.4}% 107
\BOOKMARK [1][-]{section.3.22}{\376\377\000s\000m\000a\000r\000t\000\137\000t\000i\000l\000e\000d\000\137\000i\000m\000a\000g\000e\000\040\000C\000l\000a\000s\000s\000\040\000R\000e\000f\000e\000r\000e\000n\000c\000e}{chapter.3}% 108
\BOOKMARK [2][-]{subsection.3.22.1}{\376\377\000D\000e\000t\000a\000i\000l\000e\000d\000\040\000D\000e\000s\000c\000r\000i\000p\000t\000i\000o\000n}{section.3.22}% 109
\BOOKMARK [2][-]{subsection.3.22.2}{\376\377\000C\000o\000n\000s\000t\000r\000u\000c\000t\000o\000r\000\040\000\046\000\040\000D\000e\000s\000t\000r\000u\000c\000t\000o\000r\000\040\000D\000o\000c\000u\000m\000e\000n\000t\000a\000t\000i\000o\000n}{section.3.22}% 110
\BOOKMARK [3][-]{subsubsection.3.22.2.1}{\376\377\000s\000m\000a\000r\000t\000\137\000t\000i\000l\000e\000d\000\137\000i\000m\000a\000g\000e}{subsection.3.22.2}% 111
\BOOKMARK [3][-]{subsubsection.3.22.2.2}{\376\377\000s\000m\000a\000r\000t\000\137\000t\000i\000l\000e\000d\000\137\000i\000m\000a\000g\000e}{subsection.3.22.2}% 112
\BOOKMARK [3][-]{subsubsection.3.22.2.3}{\376\377\000s\000m\000a\000r\000t\000\137\000t\000i\000l\000e\000d\000\137\000i\000m\000a\000g\000e}{subsection.3.22.2}% 113
\BOOKMARK [2][-]{subsection.3.22.3}{\376\377\000M\000e\000m\000b\000e\000r\000\040\000F\000u\000n\000c\000t\000i\000o\000n\000\040\000D\000o\000c\000u\000m\000e\000n\000t\000a\000t\000i\000o\000n}{section.3.22}% 114
\BOOKMARK [3][-]{subsubsection.3.22.3.1}{\376\377\000c\000o\000n\000v\000e\000r\000t\000\137\000t\000o\000\137\000f\000l\000o\000a\000t\000\137\000i\000m\000a\000g\000e}{subsection.3.22.3}% 115
\BOOKMARK [3][-]{subsubsection.3.22.3.2}{\376\377\000u\000n\000w\000r\000a\000p\000\137\000t\000i\000l\000e\000s}{subsection.3.22.3}% 116
\BOOKMARK [1][-]{section.3.23}{\376\377\000s\000m\000a\000r\000t\000\137\000t\000i\000l\000e\000g\000r\000o\000u\000p\000\040\000C\000l\000a\000s\000s\000\040\000R\000e\000f\000e\000r\000e\000n\000c\000e}{chapter.3}% 117
\BOOKMARK [2][-]{subsection.3.23.1}{\376\377\000D\000e\000t\000a\000i\000l\000e\000d\000\040\000D\000e\000s\000c\000r\000i\000p\000t\000i\000o\000n}{section.3.23}% 118
\BOOKMARK [2][-]{subsection.3.23.2}{\376\377\000M\000e\000m\000b\000e\000r\000\040\000F\000u\000n\000c\000t\000i\000o\000n\000\040\000D\000o\000c\000u\000m\000e\000n\000t\000a\000t\000i\000o\000n}{section.3.23}% 119
\BOOKMARK [3][-]{subsubsection.3.23.2.1}{\376\377\000a\000d\000d\000\137\000v\000a\000l\000u\000e}{subsection.3.23.2}% 120
\BOOKMARK [3][-]{subsubsection.3.23.2.2}{\376\377\000c\000r\000e\000a\000t\000e\000\137\000n\000e\000w}{subsection.3.23.2}% 121
\BOOKMARK [3][-]{subsubsection.3.23.2.3}{\376\377\000s\000i\000z\000e}{subsection.3.23.2}% 122
\BOOKMARK [2][-]{subsection.3.23.3}{\376\377\000F\000r\000i\000e\000n\000d\000s\000\040\000A\000n\000d\000\040\000R\000e\000l\000a\000t\000e\000d\000\040\000F\000u\000n\000c\000t\000i\000o\000n\000\040\000D\000o\000c\000u\000m\000e\000n\000t\000a\000t\000i\000o\000n}{section.3.23}% 123
\BOOKMARK [3][-]{subsubsection.3.23.3.1}{\376\377\000a\000d\000d\000\137\000t\000i\000l\000e\000\137\000t\000o\000\137\000g\000r\000o\000u\000p}{subsection.3.23.3}% 124
\BOOKMARK [3][-]{subsubsection.3.23.3.2}{\376\377\000m\000e\000r\000g\000e\000\137\000t\000i\000l\000e\000g\000r\000o\000u\000p\000s}{subsection.3.23.3}% 125
\BOOKMARK [1][-]{section.3.24}{\376\377\000s\000r\000n\000c\000p\000\137\000t\000i\000l\000e\000\137\000m\000e\000r\000g\000e\000r\000\040\000C\000l\000a\000s\000s\000\040\000R\000e\000f\000e\000r\000e\000n\000c\000e}{chapter.3}% 126
\BOOKMARK [2][-]{subsection.3.24.1}{\376\377\000D\000e\000t\000a\000i\000l\000e\000d\000\040\000D\000e\000s\000c\000r\000i\000p\000t\000i\000o\000n}{section.3.24}% 127
\BOOKMARK [2][-]{subsection.3.24.2}{\376\377\000M\000e\000m\000b\000e\000r\000\040\000F\000u\000n\000c\000t\000i\000o\000n\000\040\000D\000o\000c\000u\000m\000e\000n\000t\000a\000t\000i\000o\000n}{section.3.24}% 128
\BOOKMARK [3][-]{subsubsection.3.24.2.1}{\376\377\000c\000a\000l\000c\000\137\000j\000u\000n\000c\000t\000i\000o\000n\000\137\000r\000e\000l\000i\000a\000b\000i\000l\000i\000t\000y}{subsection.3.24.2}% 129
\BOOKMARK [3][-]{subsubsection.3.24.2.2}{\376\377\000m\000e\000r\000g\000e\000\137\000t\000i\000l\000e\000s}{subsection.3.24.2}% 130
\BOOKMARK [1][-]{section.3.25}{\376\377\000s\000r\000n\000c\000p\000\137\000u\000n\000w\000r\000a\000p\000p\000e\000r\000\040\000C\000l\000a\000s\000s\000\040\000R\000e\000f\000e\000r\000e\000n\000c\000e}{chapter.3}% 131
\BOOKMARK [2][-]{subsection.3.25.1}{\376\377\000D\000e\000t\000a\000i\000l\000e\000d\000\040\000D\000e\000s\000c\000r\000i\000p\000t\000i\000o\000n}{section.3.25}% 132
\BOOKMARK [2][-]{subsection.3.25.2}{\376\377\000M\000e\000m\000b\000e\000r\000\040\000F\000u\000n\000c\000t\000i\000o\000n\000\040\000D\000o\000c\000u\000m\000e\000n\000t\000a\000t\000i\000o\000n}{section.3.25}% 133
\BOOKMARK [3][-]{subsubsection.3.25.2.1}{\376\377\000u\000n\000w\000r\000a\000p}{subsection.3.25.2}% 134
\BOOKMARK [1][-]{section.3.26}{\376\377\000S\000t\000r\000a\000n\000d\000\137\000t\000i\000l\000e\000\137\000u\000n\000w\000r\000a\000p\000p\000e\000r\000\040\000C\000l\000a\000s\000s\000\040\000R\000e\000f\000e\000r\000e\000n\000c\000e}{chapter.3}% 135
\BOOKMARK [2][-]{subsection.3.26.1}{\376\377\000D\000e\000t\000a\000i\000l\000e\000d\000\040\000D\000e\000s\000c\000r\000i\000p\000t\000i\000o\000n}{section.3.26}% 136
\BOOKMARK [2][-]{subsection.3.26.2}{\376\377\000M\000e\000m\000b\000e\000r\000\040\000F\000u\000n\000c\000t\000i\000o\000n\000\040\000D\000o\000c\000u\000m\000e\000n\000t\000a\000t\000i\000o\000n}{section.3.26}% 137
\BOOKMARK [3][-]{subsubsection.3.26.2.1}{\376\377\000u\000n\000w\000r\000a\000p}{subsection.3.26.2}% 138
\BOOKMARK [1][-]{section.3.27}{\376\377\000T\000a\000k\000e\000d\000a\000\137\000F\000F\000T\000W\000\137\000f\000r\000i\000n\000g\000e\000\137\000a\000n\000a\000l\000y\000s\000e\000r\000\040\000C\000l\000a\000s\000s\000\040\000R\000e\000f\000e\000r\000e\000n\000c\000e}{chapter.3}% 139
\BOOKMARK [2][-]{subsection.3.27.1}{\376\377\000D\000e\000t\000a\000i\000l\000e\000d\000\040\000D\000e\000s\000c\000r\000i\000p\000t\000i\000o\000n}{section.3.27}% 140
\BOOKMARK [2][-]{subsection.3.27.2}{\376\377\000C\000o\000n\000s\000t\000r\000u\000c\000t\000o\000r\000\040\000\046\000\040\000D\000e\000s\000t\000r\000u\000c\000t\000o\000r\000\040\000D\000o\000c\000u\000m\000e\000n\000t\000a\000t\000i\000o\000n}{section.3.27}% 141
\BOOKMARK [3][-]{subsubsection.3.27.2.1}{\376\377\000T\000a\000k\000e\000d\000a\000\137\000F\000F\000T\000W\000\137\000f\000r\000i\000n\000g\000e\000\137\000a\000n\000a\000l\000y\000s\000e\000r}{subsection.3.27.2}% 142
\BOOKMARK [2][-]{subsection.3.27.3}{\376\377\000M\000e\000m\000b\000e\000r\000\040\000F\000u\000n\000c\000t\000i\000o\000n\000\040\000D\000o\000c\000u\000m\000e\000n\000t\000a\000t\000i\000o\000n}{section.3.27}% 143
\BOOKMARK [3][-]{subsubsection.3.27.3.1}{\376\377\000c\000a\000l\000c\000\137\000w\000r\000a\000p\000p\000e\000d\000\137\000p\000h\000a\000s\000e\000\137\000m\000a\000p}{subsection.3.27.3}% 144
\BOOKMARK [1][-]{section.3.28}{\376\377\000t\000e\000s\000s\000e\000l\000a\000t\000e\000d\000\137\000i\000m\000a\000g\000e\000\040\000C\000l\000a\000s\000s\000\040\000R\000e\000f\000e\000r\000e\000n\000c\000e}{chapter.3}% 145
\BOOKMARK [2][-]{subsection.3.28.1}{\376\377\000C\000o\000n\000s\000t\000r\000u\000c\000t\000o\000r\000\040\000\046\000\040\000D\000e\000s\000t\000r\000u\000c\000t\000o\000r\000\040\000D\000o\000c\000u\000m\000e\000n\000t\000a\000t\000i\000o\000n}{section.3.28}% 146
\BOOKMARK [3][-]{subsubsection.3.28.1.1}{\376\377\000t\000e\000s\000s\000e\000l\000a\000t\000e\000d\000\137\000i\000m\000a\000g\000e}{subsection.3.28.1}% 147
\BOOKMARK [3][-]{subsubsection.3.28.1.2}{\376\377\000t\000e\000s\000s\000e\000l\000a\000t\000e\000d\000\137\000i\000m\000a\000g\000e}{subsection.3.28.1}% 148
\BOOKMARK [3][-]{subsubsection.3.28.1.3}{\376\377\000t\000e\000s\000s\000e\000l\000a\000t\000e\000d\000\137\000i\000m\000a\000g\000e}{subsection.3.28.1}% 149
\BOOKMARK [2][-]{subsection.3.28.2}{\376\377\000M\000e\000m\000b\000e\000r\000\040\000F\000u\000n\000c\000t\000i\000o\000n\000\040\000D\000o\000c\000u\000m\000e\000n\000t\000a\000t\000i\000o\000n}{section.3.28}% 150
\BOOKMARK [3][-]{subsubsection.3.28.2.1}{\376\377\000g\000e\000t\000\137\000i\000m\000a\000g\000e\000\137\000h\000e\000i\000g\000h\000t}{subsection.3.28.2}% 151
\BOOKMARK [3][-]{subsubsection.3.28.2.2}{\376\377\000g\000e\000t\000\137\000i\000m\000a\000g\000e\000\137\000w\000i\000d\000t\000h}{subsection.3.28.2}% 152
\BOOKMARK [3][-]{subsubsection.3.28.2.3}{\376\377\000g\000e\000t\000\137\000t\000i\000l\000e\000\137\000c\000o\000u\000n\000t\000\137\000h\000e\000i\000g\000h\000t}{subsection.3.28.2}% 153
\BOOKMARK [3][-]{subsubsection.3.28.2.4}{\376\377\000g\000e\000t\000\137\000t\000i\000l\000e\000\137\000c\000o\000u\000n\000t\000\137\000w\000i\000d\000t\000h}{subsection.3.28.2}% 154
\BOOKMARK [3][-]{subsubsection.3.28.2.5}{\376\377\000o\000p\000e\000r\000a\000t\000o\000r\000=}{subsection.3.28.2}% 155
\BOOKMARK [3][-]{subsubsection.3.28.2.6}{\376\377\000u\000n\000w\000r\000a\000p\000\137\000t\000i\000l\000e\000s}{subsection.3.28.2}% 156
\BOOKMARK [1][-]{section.3.29}{\376\377\000t\000i\000l\000e\000\040\000C\000l\000a\000s\000s\000\040\000R\000e\000f\000e\000r\000e\000n\000c\000e}{chapter.3}% 157
\BOOKMARK [2][-]{subsection.3.29.1}{\376\377\000D\000e\000t\000a\000i\000l\000e\000d\000\040\000D\000e\000s\000c\000r\000i\000p\000t\000i\000o\000n}{section.3.29}% 158
\BOOKMARK [2][-]{subsection.3.29.2}{\376\377\000C\000o\000n\000s\000t\000r\000u\000c\000t\000o\000r\000\040\000\046\000\040\000D\000e\000s\000t\000r\000u\000c\000t\000o\000r\000\040\000D\000o\000c\000u\000m\000e\000n\000t\000a\000t\000i\000o\000n}{section.3.29}% 159
\BOOKMARK [3][-]{subsubsection.3.29.2.1}{\376\377\000t\000i\000l\000e}{subsection.3.29.2}% 160
\BOOKMARK [3][-]{subsubsection.3.29.2.2}{\376\377\000t\000i\000l\000e}{subsection.3.29.2}% 161
\BOOKMARK [2][-]{subsection.3.29.3}{\376\377\000M\000e\000m\000b\000e\000r\000\040\000F\000u\000n\000c\000t\000i\000o\000n\000\040\000D\000o\000c\000u\000m\000e\000n\000t\000a\000t\000i\000o\000n}{section.3.29}% 162
\BOOKMARK [3][-]{subsubsection.3.29.3.1}{\376\377\000a\000d\000d\000\137\000v\000a\000l\000u\000e}{subsection.3.29.3}% 163
\BOOKMARK [3][-]{subsubsection.3.29.3.2}{\376\377\000c\000a\000l\000c\000\137\000m\000e\000a\000n}{subsection.3.29.3}% 164
\BOOKMARK [3][-]{subsubsection.3.29.3.3}{\376\377\000c\000l\000e\000a\000r\000\137\000m\000e\000m}{subsection.3.29.3}% 165
\BOOKMARK [3][-]{subsubsection.3.29.3.4}{\376\377\000c\000o\000p\000y\000\137\000d\000a\000t\000a}{subsection.3.29.3}% 166
\BOOKMARK [3][-]{subsubsection.3.29.3.5}{\376\377\000g\000e\000n\000e\000r\000a\000t\000e\000\137\000f\000r\000o\000m\000\137\000i\000m\000a\000g\000e}{subsection.3.29.3}% 167
\BOOKMARK [3][-]{subsubsection.3.29.3.6}{\376\377\000g\000e\000t\000\137\000h\000e\000i\000g\000h\000t}{subsection.3.29.3}% 168
\BOOKMARK [3][-]{subsubsection.3.29.3.7}{\376\377\000g\000e\000t\000\137\000t\000i\000l\000e\000g\000r\000o\000u\000p}{subsection.3.29.3}% 169
\BOOKMARK [3][-]{subsubsection.3.29.3.8}{\376\377\000g\000e\000t\000\137\000w\000i\000d\000t\000h}{subsection.3.29.3}% 170
\BOOKMARK [3][-]{subsubsection.3.29.3.9}{\376\377\000h\000a\000s\000\137\000g\000r\000o\000u\000p}{subsection.3.29.3}% 171
\BOOKMARK [3][-]{subsubsection.3.29.3.10}{\376\377\000m\000u\000l\000t\000i\000p\000l\000y}{subsection.3.29.3}% 172
\BOOKMARK [3][-]{subsubsection.3.29.3.11}{\376\377\000r\000e\000w\000r\000a\000p}{subsection.3.29.3}% 173
\BOOKMARK [3][-]{subsubsection.3.29.3.12}{\376\377\000w\000r\000a\000p}{subsection.3.29.3}% 174
\BOOKMARK [1][-]{section.3.30}{\376\377\000t\000i\000l\000e\000\137\000i\000m\000a\000g\000e\000\040\000C\000l\000a\000s\000s\000\040\000R\000e\000f\000e\000r\000e\000n\000c\000e}{chapter.3}% 175
\BOOKMARK [2][-]{subsection.3.30.1}{\376\377\000D\000e\000t\000a\000i\000l\000e\000d\000\040\000D\000e\000s\000c\000r\000i\000p\000t\000i\000o\000n}{section.3.30}% 176
\BOOKMARK [1][-]{section.3.31}{\376\377\000t\000i\000l\000e\000\137\000j\000u\000n\000c\000t\000i\000o\000n\000\040\000C\000l\000a\000s\000s\000\040\000R\000e\000f\000e\000r\000e\000n\000c\000e}{chapter.3}% 177
\BOOKMARK [2][-]{subsection.3.31.1}{\376\377\000D\000e\000t\000a\000i\000l\000e\000d\000\040\000D\000e\000s\000c\000r\000i\000p\000t\000i\000o\000n}{section.3.31}% 178
\BOOKMARK [2][-]{subsection.3.31.2}{\376\377\000M\000e\000m\000b\000e\000r\000\040\000E\000n\000u\000m\000e\000r\000a\000t\000i\000o\000n\000\040\000D\000o\000c\000u\000m\000e\000n\000t\000a\000t\000i\000o\000n}{section.3.31}% 179
\BOOKMARK [3][-]{subsubsection.3.31.2.1}{\376\377\000r\000e\000l\000\137\000p\000o\000s\000i\000t\000i\000o\000n}{subsection.3.31.2}% 180
\BOOKMARK [2][-]{subsection.3.31.3}{\376\377\000C\000o\000n\000s\000t\000r\000u\000c\000t\000o\000r\000\040\000\046\000\040\000D\000e\000s\000t\000r\000u\000c\000t\000o\000r\000\040\000D\000o\000c\000u\000m\000e\000n\000t\000a\000t\000i\000o\000n}{section.3.31}% 181
\BOOKMARK [3][-]{subsubsection.3.31.3.1}{\376\377\000t\000i\000l\000e\000\137\000j\000u\000n\000c\000t\000i\000o\000n}{subsection.3.31.3}% 182
\BOOKMARK [2][-]{subsection.3.31.4}{\376\377\000M\000e\000m\000b\000e\000r\000\040\000F\000u\000n\000c\000t\000i\000o\000n\000\040\000D\000o\000c\000u\000m\000e\000n\000t\000a\000t\000i\000o\000n}{section.3.31}% 183
\BOOKMARK [3][-]{subsubsection.3.31.4.1}{\376\377\000g\000e\000t\000\137\000r\000e\000l\000a\000t\000i\000v\000e\000\137\000p\000o\000s\000i\000t\000i\000o\000n}{subsection.3.31.4}% 184
\BOOKMARK [1][-]{section.3.32}{\376\377\000t\000i\000l\000e\000\137\000m\000e\000r\000g\000e\000\137\000u\000n\000w\000r\000a\000p\000p\000e\000r\000\040\000C\000l\000a\000s\000s\000\040\000R\000e\000f\000e\000r\000e\000n\000c\000e}{chapter.3}% 185
\BOOKMARK [2][-]{subsection.3.32.1}{\376\377\000D\000e\000t\000a\000i\000l\000e\000d\000\040\000D\000e\000s\000c\000r\000i\000p\000t\000i\000o\000n}{section.3.32}% 186
\BOOKMARK [2][-]{subsection.3.32.2}{\376\377\000C\000o\000n\000s\000t\000r\000u\000c\000t\000o\000r\000\040\000\046\000\040\000D\000e\000s\000t\000r\000u\000c\000t\000o\000r\000\040\000D\000o\000c\000u\000m\000e\000n\000t\000a\000t\000i\000o\000n}{section.3.32}% 187
\BOOKMARK [3][-]{subsubsection.3.32.2.1}{\376\377\000t\000i\000l\000e\000\137\000m\000e\000r\000g\000e\000\137\000u\000n\000w\000r\000a\000p\000p\000e\000r}{subsection.3.32.2}% 188
\BOOKMARK [2][-]{subsection.3.32.3}{\376\377\000M\000e\000m\000b\000e\000r\000\040\000F\000u\000n\000c\000t\000i\000o\000n\000\040\000D\000o\000c\000u\000m\000e\000n\000t\000a\000t\000i\000o\000n}{section.3.32}% 189
\BOOKMARK [3][-]{subsubsection.3.32.3.1}{\376\377\000u\000n\000w\000r\000a\000p}{subsection.3.32.3}% 190
\BOOKMARK [1][-]{section.3.33}{\376\377\000t\000i\000l\000e\000g\000r\000o\000u\000p\000\040\000C\000l\000a\000s\000s\000\040\000R\000e\000f\000e\000r\000e\000n\000c\000e}{chapter.3}% 191
\BOOKMARK [2][-]{subsection.3.33.1}{\376\377\000D\000e\000t\000a\000i\000l\000e\000d\000\040\000D\000e\000s\000c\000r\000i\000p\000t\000i\000o\000n}{section.3.33}% 192
\BOOKMARK [2][-]{subsection.3.33.2}{\376\377\000C\000o\000n\000s\000t\000r\000u\000c\000t\000o\000r\000\040\000\046\000\040\000D\000e\000s\000t\000r\000u\000c\000t\000o\000r\000\040\000D\000o\000c\000u\000m\000e\000n\000t\000a\000t\000i\000o\000n}{section.3.33}% 193
\BOOKMARK [3][-]{subsubsection.3.33.2.1}{\376\377\000t\000i\000l\000e\000g\000r\000o\000u\000p}{subsection.3.33.2}% 194
\BOOKMARK [2][-]{subsection.3.33.3}{\376\377\000M\000e\000m\000b\000e\000r\000\040\000F\000u\000n\000c\000t\000i\000o\000n\000\040\000D\000o\000c\000u\000m\000e\000n\000t\000a\000t\000i\000o\000n}{section.3.33}% 195
\BOOKMARK [3][-]{subsubsection.3.33.3.1}{\376\377\000a\000d\000d\000\137\000t\000i\000l\000e}{subsection.3.33.3}% 196
\BOOKMARK [3][-]{subsubsection.3.33.3.2}{\376\377\000a\000d\000d\000\137\000v\000a\000l\000u\000e}{subsection.3.33.3}% 197
\BOOKMARK [3][-]{subsubsection.3.33.3.3}{\376\377\000c\000r\000e\000a\000t\000e\000\137\000n\000e\000w}{subsection.3.33.3}% 198
\BOOKMARK [3][-]{subsubsection.3.33.3.4}{\376\377\000s\000i\000z\000e}{subsection.3.33.3}% 199
\BOOKMARK [2][-]{subsection.3.33.4}{\376\377\000F\000r\000i\000e\000n\000d\000s\000\040\000A\000n\000d\000\040\000R\000e\000l\000a\000t\000e\000d\000\040\000F\000u\000n\000c\000t\000i\000o\000n\000\040\000D\000o\000c\000u\000m\000e\000n\000t\000a\000t\000i\000o\000n}{section.3.33}% 200
\BOOKMARK [3][-]{subsubsection.3.33.4.1}{\376\377\000m\000e\000r\000g\000e\000\137\000t\000i\000l\000e\000g\000r\000o\000u\000p\000s}{subsection.3.33.4}% 201
\BOOKMARK [1][-]{section.3.34}{\376\377\000U\000i\000\137\000d\000i\000g\000i\000h\000o\000l\000o\000M\000a\000i\000n\000G\000u\000i\000\040\000C\000l\000a\000s\000s\000\040\000R\000e\000f\000e\000r\000e\000n\000c\000e}{chapter.3}% 202
\BOOKMARK [0][-]{section*.51}{\376\377\000I\000n\000d\000e\000x}{}% 203
